<?xml version="1.0" encoding="UTF-8"?>
<testsuite name="StringManagerTest" tests="3" skipped="0" failures="0" errors="0" timestamp="2020-02-22T16:05:16" hostname="prayas-HP-Laptop-15q-ds0xxx" time="0.002">
  <properties/>
  <testcase name="shouldReturnNumberofWord" classname="StringManagerTest" time="0.002"/>
  <testcase name="shouldReturnNumberOfLines" classname="StringManagerTest" time="0.0"/>
  <testcase name="shouldReturnNumberOfCharacters" classname="StringManagerTest" time="0.0"/>
  <system-out><![CDATA[]]></system-out>
  <system-err><![CDATA[]]></system-err>
</testsuite>
